0 verbose cli /usr/bin/node-20 /usr/lib/nodejs20/lib/node_modules/npm/bin/npm-cli.js
1 info using npm@10.8.2
2 info using node@v20.18.3
3 silly config load:file:/usr/lib/nodejs20/lib/node_modules/npm/npmrc
4 silly config load:file:/home/cloudshell-user/my-hugo-site/.npmrc
5 silly config load:file:/home/cloudshell-user/.npmrc
6 silly config load:file:/etc/npmrc
7 verbose title npm exec blowfish-tools
8 verbose argv "exec" "--" "blowfish-tools"
9 verbose logfile logs-max:10 dir:/home/cloudshell-user/.npm/_logs/2025-07-18T03_02_03_102Z-
10 verbose logfile /home/cloudshell-user/.npm/_logs/2025-07-18T03_02_03_102Z-debug-0.log
11 silly logfile done cleaning log files
12 silly packumentCache heap:2057306112 maxSize:514326528 maxEntrySize:257163264
13 http fetch GET 200 https://registry.npmjs.org/npm 125ms
14 http fetch GET 200 https://registry.npmjs.org/blowfish-tools 653ms (cache miss)
15 silly packumentCache heap:2057306112 maxSize:514326528 maxEntrySize:257163264
16 silly packumentCache heap:2057306112 maxSize:514326528 maxEntrySize:257163264
17 silly idealTree buildDeps
18 silly fetch manifest blowfish-tools@1.10.0
19 silly packumentCache full:https://registry.npmjs.org/blowfish-tools cache-miss
20 http fetch GET 200 https://registry.npmjs.org/blowfish-tools 670ms (cache miss)
21 silly packumentCache full:https://registry.npmjs.org/blowfish-tools set size:undefined disposed:false
22 silly placeDep ROOT blowfish-tools@1.10.0 OK for:  want: 1.10.0
23 silly fetch manifest @iarna/toml@^2.2.5
24 silly packumentCache full:https://registry.npmjs.org/@iarna%2ftoml cache-miss
25 http fetch GET 200 https://registry.npmjs.org/@iarna%2ftoml 46ms (cache miss)
26 silly packumentCache full:https://registry.npmjs.org/@iarna%2ftoml set size:undefined disposed:false
27 silly fetch manifest chalk@^5.3.0
28 silly packumentCache full:https://registry.npmjs.org/chalk cache-miss
29 http fetch GET 200 https://registry.npmjs.org/chalk 42ms (cache miss)
30 silly packumentCache full:https://registry.npmjs.org/chalk set size:undefined disposed:false
31 silly fetch manifest command-exists@^1.2.9
32 silly packumentCache full:https://registry.npmjs.org/command-exists cache-miss
33 http fetch GET 200 https://registry.npmjs.org/command-exists 38ms (cache miss)
34 silly packumentCache full:https://registry.npmjs.org/command-exists set size:undefined disposed:false
35 silly fetch manifest commander@^11.1.0
36 silly packumentCache full:https://registry.npmjs.org/commander cache-miss
37 http fetch GET 200 https://registry.npmjs.org/commander 33ms (cache miss)
38 silly packumentCache full:https://registry.npmjs.org/commander set size:undefined disposed:false
39 silly fetch manifest enquirer@^2.4.1
40 silly packumentCache full:https://registry.npmjs.org/enquirer cache-miss
41 http fetch GET 200 https://registry.npmjs.org/enquirer 48ms (cache miss)
42 silly packumentCache full:https://registry.npmjs.org/enquirer set size:undefined disposed:false
43 silly fetch manifest ora@^8.0.1
44 silly packumentCache full:https://registry.npmjs.org/ora cache-miss
45 http fetch GET 200 https://registry.npmjs.org/ora 29ms (cache miss)
46 silly packumentCache full:https://registry.npmjs.org/ora set size:undefined disposed:false
47 silly fetch manifest tcp-port-used@^1.0.2
48 silly packumentCache full:https://registry.npmjs.org/tcp-port-used cache-miss
49 http fetch GET 200 https://registry.npmjs.org/tcp-port-used 32ms (cache miss)
50 silly packumentCache full:https://registry.npmjs.org/tcp-port-used set size:undefined disposed:false
51 silly placeDep ROOT @iarna/toml@2.2.5 OK for: blowfish-tools@1.10.0 want: ^2.2.5
52 silly placeDep ROOT chalk@5.4.1 OK for: blowfish-tools@1.10.0 want: ^5.3.0
53 silly placeDep ROOT command-exists@1.2.9 OK for: blowfish-tools@1.10.0 want: ^1.2.9
54 silly placeDep ROOT commander@11.1.0 OK for: blowfish-tools@1.10.0 want: ^11.1.0
55 silly placeDep ROOT enquirer@2.4.1 OK for: blowfish-tools@1.10.0 want: ^2.4.1
56 silly placeDep ROOT ora@8.2.0 OK for: blowfish-tools@1.10.0 want: ^8.0.1
57 silly placeDep ROOT tcp-port-used@1.0.2 OK for: blowfish-tools@1.10.0 want: ^1.0.2
58 silly fetch manifest ansi-colors@^4.1.1
59 silly packumentCache full:https://registry.npmjs.org/ansi-colors cache-miss
60 http fetch GET 200 https://registry.npmjs.org/ansi-colors 27ms (cache miss)
61 silly packumentCache full:https://registry.npmjs.org/ansi-colors set size:undefined disposed:false
62 silly fetch manifest strip-ansi@^6.0.1
63 silly packumentCache full:https://registry.npmjs.org/strip-ansi cache-miss
64 http fetch GET 200 https://registry.npmjs.org/strip-ansi 28ms (cache miss)
65 silly packumentCache full:https://registry.npmjs.org/strip-ansi set size:undefined disposed:false
66 silly fetch manifest cli-cursor@^5.0.0
67 silly packumentCache full:https://registry.npmjs.org/cli-cursor cache-miss
68 http fetch GET 200 https://registry.npmjs.org/cli-cursor 29ms (cache miss)
69 silly packumentCache full:https://registry.npmjs.org/cli-cursor set size:undefined disposed:false
70 silly fetch manifest cli-spinners@^2.9.2
71 silly packumentCache full:https://registry.npmjs.org/cli-spinners cache-miss
72 http fetch GET 200 https://registry.npmjs.org/cli-spinners 66ms (cache miss)
73 silly packumentCache full:https://registry.npmjs.org/cli-spinners set size:undefined disposed:false
74 silly fetch manifest is-interactive@^2.0.0
75 silly packumentCache full:https://registry.npmjs.org/is-interactive cache-miss
76 http fetch GET 200 https://registry.npmjs.org/is-interactive 31ms (cache miss)
77 silly packumentCache full:https://registry.npmjs.org/is-interactive set size:undefined disposed:false
78 silly fetch manifest is-unicode-supported@^2.0.0
79 silly packumentCache full:https://registry.npmjs.org/is-unicode-supported cache-miss
80 http fetch GET 200 https://registry.npmjs.org/is-unicode-supported 33ms (cache miss)
81 silly packumentCache full:https://registry.npmjs.org/is-unicode-supported set size:undefined disposed:false
82 silly fetch manifest log-symbols@^6.0.0
83 silly packumentCache full:https://registry.npmjs.org/log-symbols cache-miss
84 http fetch GET 200 https://registry.npmjs.org/log-symbols 35ms (cache miss)
85 silly packumentCache full:https://registry.npmjs.org/log-symbols set size:undefined disposed:false
86 silly fetch manifest stdin-discarder@^0.2.2
87 silly packumentCache full:https://registry.npmjs.org/stdin-discarder cache-miss
88 http fetch GET 200 https://registry.npmjs.org/stdin-discarder 32ms (cache miss)
89 silly packumentCache full:https://registry.npmjs.org/stdin-discarder set size:undefined disposed:false
90 silly fetch manifest string-width@^7.2.0
91 silly packumentCache full:https://registry.npmjs.org/string-width cache-miss
92 http fetch GET 200 https://registry.npmjs.org/string-width 24ms (cache miss)
93 silly packumentCache full:https://registry.npmjs.org/string-width set size:undefined disposed:false
94 silly fetch manifest strip-ansi@^7.1.0
95 silly packumentCache full:https://registry.npmjs.org/strip-ansi cache-miss
96 http fetch GET 200 https://registry.npmjs.org/strip-ansi 8ms (cache hit)
97 silly packumentCache full:https://registry.npmjs.org/strip-ansi set size:43180 disposed:false
98 silly fetch manifest debug@4.3.1
99 silly packumentCache full:https://registry.npmjs.org/debug cache-miss
100 http fetch GET 200 https://registry.npmjs.org/debug 33ms (cache miss)
101 silly packumentCache full:https://registry.npmjs.org/debug set size:undefined disposed:false
102 silly fetch manifest is2@^2.0.6
103 silly packumentCache full:https://registry.npmjs.org/is2 cache-miss
104 http fetch GET 200 https://registry.npmjs.org/is2 32ms (cache miss)
105 silly packumentCache full:https://registry.npmjs.org/is2 set size:undefined disposed:false
106 silly placeDep ROOT ansi-colors@4.1.3 OK for: enquirer@2.4.1 want: ^4.1.1
107 silly placeDep ROOT strip-ansi@6.0.1 OK for: enquirer@2.4.1 want: ^6.0.1
108 silly fetch manifest ansi-regex@^5.0.1
109 silly packumentCache full:https://registry.npmjs.org/ansi-regex cache-miss
110 http fetch GET 200 https://registry.npmjs.org/ansi-regex 27ms (cache miss)
111 silly packumentCache full:https://registry.npmjs.org/ansi-regex set size:undefined disposed:false
112 silly placeDep ROOT cli-cursor@5.0.0 OK for: ora@8.2.0 want: ^5.0.0
113 silly placeDep ROOT cli-spinners@2.9.2 OK for: ora@8.2.0 want: ^2.9.2
114 silly placeDep ROOT is-interactive@2.0.0 OK for: ora@8.2.0 want: ^2.0.0
115 silly placeDep ROOT is-unicode-supported@2.1.0 OK for: ora@8.2.0 want: ^2.0.0
116 silly placeDep ROOT log-symbols@6.0.0 OK for: ora@8.2.0 want: ^6.0.0
117 silly placeDep ROOT stdin-discarder@0.2.2 OK for: ora@8.2.0 want: ^0.2.2
118 silly placeDep ROOT string-width@7.2.0 OK for: ora@8.2.0 want: ^7.2.0
119 silly placeDep node_modules/ora strip-ansi@7.1.0 OK for: ora@8.2.0 want: ^7.1.0
120 silly fetch manifest restore-cursor@^5.0.0
121 silly packumentCache full:https://registry.npmjs.org/restore-cursor cache-miss
122 http fetch GET 200 https://registry.npmjs.org/restore-cursor 30ms (cache miss)
123 silly packumentCache full:https://registry.npmjs.org/restore-cursor set size:undefined disposed:false
124 silly fetch manifest is-unicode-supported@^1.3.0
125 silly packumentCache full:https://registry.npmjs.org/is-unicode-supported cache-miss
126 http fetch GET 200 https://registry.npmjs.org/is-unicode-supported 3ms (cache hit)
127 silly packumentCache full:https://registry.npmjs.org/is-unicode-supported set size:19461 disposed:false
128 silly fetch manifest emoji-regex@^10.3.0
129 silly packumentCache full:https://registry.npmjs.org/emoji-regex cache-miss
130 http fetch GET 200 https://registry.npmjs.org/emoji-regex 53ms (cache miss)
131 silly packumentCache full:https://registry.npmjs.org/emoji-regex set size:undefined disposed:false
132 silly fetch manifest get-east-asian-width@^1.0.0
133 silly packumentCache full:https://registry.npmjs.org/get-east-asian-width cache-miss
134 http fetch GET 200 https://registry.npmjs.org/get-east-asian-width 24ms (cache miss)
135 silly packumentCache full:https://registry.npmjs.org/get-east-asian-width set size:undefined disposed:false
136 silly fetch manifest ansi-regex@^6.0.1
137 silly packumentCache full:https://registry.npmjs.org/ansi-regex cache-miss
138 http fetch GET 200 https://registry.npmjs.org/ansi-regex 5ms (cache hit)
139 silly packumentCache full:https://registry.npmjs.org/ansi-regex set size:41869 disposed:false
140 silly placeDep ROOT restore-cursor@5.1.0 OK for: cli-cursor@5.0.0 want: ^5.0.0
141 silly fetch manifest onetime@^7.0.0
142 silly packumentCache full:https://registry.npmjs.org/onetime cache-miss
143 http fetch GET 200 https://registry.npmjs.org/onetime 50ms (cache miss)
144 silly packumentCache full:https://registry.npmjs.org/onetime set size:undefined disposed:false
145 silly fetch manifest signal-exit@^4.1.0
146 silly packumentCache full:https://registry.npmjs.org/signal-exit cache-miss
147 http fetch GET 200 https://registry.npmjs.org/signal-exit 33ms (cache miss)
148 silly packumentCache full:https://registry.npmjs.org/signal-exit set size:undefined disposed:false
149 silly placeDep node_modules/log-symbols is-unicode-supported@1.3.0 OK for: log-symbols@6.0.0 want: ^1.3.0
150 silly placeDep ROOT onetime@7.0.0 OK for: restore-cursor@5.1.0 want: ^7.0.0
151 silly placeDep ROOT signal-exit@4.1.0 OK for: restore-cursor@5.1.0 want: ^4.1.0
152 silly fetch manifest mimic-function@^5.0.0
153 silly packumentCache full:https://registry.npmjs.org/mimic-function cache-miss
154 http fetch GET 200 https://registry.npmjs.org/mimic-function 22ms (cache miss)
155 silly packumentCache full:https://registry.npmjs.org/mimic-function set size:undefined disposed:false
156 silly placeDep ROOT mimic-function@5.0.1 OK for: onetime@7.0.0 want: ^5.0.0
157 silly placeDep ROOT emoji-regex@10.4.0 OK for: string-width@7.2.0 want: ^10.3.0
158 silly placeDep ROOT get-east-asian-width@1.3.0 OK for: string-width@7.2.0 want: ^1.0.0
159 silly placeDep node_modules/string-width strip-ansi@7.1.0 OK for: string-width@7.2.0 want: ^7.1.0
160 silly placeDep ROOT ansi-regex@5.0.1 OK for: strip-ansi@6.0.1 want: ^5.0.1
161 silly placeDep ROOT debug@4.3.1 OK for: tcp-port-used@1.0.2 want: 4.3.1
162 silly placeDep ROOT is2@2.0.9 OK for: tcp-port-used@1.0.2 want: ^2.0.6
163 silly fetch manifest ms@2.1.2
164 silly packumentCache full:https://registry.npmjs.org/ms cache-miss
165 http fetch GET 200 https://registry.npmjs.org/ms 41ms (cache miss)
166 silly packumentCache full:https://registry.npmjs.org/ms set size:undefined disposed:false
167 silly fetch manifest deep-is@^0.1.3
168 silly packumentCache full:https://registry.npmjs.org/deep-is cache-miss
169 http fetch GET 200 https://registry.npmjs.org/deep-is 23ms (cache miss)
170 silly packumentCache full:https://registry.npmjs.org/deep-is set size:undefined disposed:false
171 silly fetch manifest ip-regex@^4.1.0
172 silly packumentCache full:https://registry.npmjs.org/ip-regex cache-miss
173 http fetch GET 200 https://registry.npmjs.org/ip-regex 27ms (cache miss)
174 silly packumentCache full:https://registry.npmjs.org/ip-regex set size:undefined disposed:false
175 silly fetch manifest is-url@^1.2.4
176 silly packumentCache full:https://registry.npmjs.org/is-url cache-miss
177 http fetch GET 200 https://registry.npmjs.org/is-url 119ms (cache miss)
178 silly packumentCache full:https://registry.npmjs.org/is-url set size:undefined disposed:false
179 silly placeDep ROOT ms@2.1.2 OK for: debug@4.3.1 want: 2.1.2
180 silly placeDep ROOT deep-is@0.1.4 OK for: is2@2.0.9 want: ^0.1.3
181 silly placeDep ROOT ip-regex@4.3.0 OK for: is2@2.0.9 want: ^4.1.0
182 silly placeDep ROOT is-url@1.2.4 OK for: is2@2.0.9 want: ^1.2.4
183 silly placeDep node_modules/ora ansi-regex@6.1.0 OK for: strip-ansi@7.1.0 want: ^6.0.1
184 silly placeDep node_modules/string-width ansi-regex@6.1.0 OK for: strip-ansi@7.1.0 want: ^6.0.1
185 silly reify moves {}
186 silly audit bulk request {
186 silly audit   'blowfish-tools': [ '1.10.0' ],
186 silly audit   '@iarna/toml': [ '2.2.5' ],
186 silly audit   chalk: [ '5.4.1' ],
186 silly audit   'command-exists': [ '1.2.9' ],
186 silly audit   commander: [ '11.1.0' ],
186 silly audit   enquirer: [ '2.4.1' ],
186 silly audit   ora: [ '8.2.0' ],
186 silly audit   'tcp-port-used': [ '1.0.2' ],
186 silly audit   'ansi-colors': [ '4.1.3' ],
186 silly audit   'strip-ansi': [ '6.0.1', '7.1.0' ],
186 silly audit   'cli-cursor': [ '5.0.0' ],
186 silly audit   'cli-spinners': [ '2.9.2' ],
186 silly audit   'is-interactive': [ '2.0.0' ],
186 silly audit   'is-unicode-supported': [ '2.1.0', '1.3.0' ],
186 silly audit   'log-symbols': [ '6.0.0' ],
186 silly audit   'stdin-discarder': [ '0.2.2' ],
186 silly audit   'string-width': [ '7.2.0' ],
186 silly audit   'restore-cursor': [ '5.1.0' ],
186 silly audit   onetime: [ '7.0.0' ],
186 silly audit   'signal-exit': [ '4.1.0' ],
186 silly audit   'mimic-function': [ '5.0.1' ],
186 silly audit   'emoji-regex': [ '10.4.0' ],
186 silly audit   'get-east-asian-width': [ '1.3.0' ],
186 silly audit   'ansi-regex': [ '5.0.1', '6.1.0' ],
186 silly audit   debug: [ '4.3.1' ],
186 silly audit   is2: [ '2.0.9' ],
186 silly audit   ms: [ '2.1.2' ],
186 silly audit   'deep-is': [ '0.1.4' ],
186 silly audit   'ip-regex': [ '4.3.0' ],
186 silly audit   'is-url': [ '1.2.4' ]
186 silly audit }
187 silly tarball no local data for is-url@https://registry.npmjs.org/is-url/-/is-url-1.2.4.tgz. Extracting by manifest.
188 silly tarball no local data for deep-is@https://registry.npmjs.org/deep-is/-/deep-is-0.1.4.tgz. Extracting by manifest.
189 silly tarball no local data for ip-regex@https://registry.npmjs.org/ip-regex/-/ip-regex-4.3.0.tgz. Extracting by manifest.
190 silly tarball no local data for ms@https://registry.npmjs.org/ms/-/ms-2.1.2.tgz. Extracting by manifest.
191 silly tarball no local data for is2@https://registry.npmjs.org/is2/-/is2-2.0.9.tgz. Extracting by manifest.
192 silly tarball no local data for debug@https://registry.npmjs.org/debug/-/debug-4.3.1.tgz. Extracting by manifest.
193 silly tarball no local data for ansi-regex@https://registry.npmjs.org/ansi-regex/-/ansi-regex-5.0.1.tgz. Extracting by manifest.
194 silly tarball no local data for get-east-asian-width@https://registry.npmjs.org/get-east-asian-width/-/get-east-asian-width-1.3.0.tgz. Extracting by manifest.
195 silly tarball no local data for emoji-regex@https://registry.npmjs.org/emoji-regex/-/emoji-regex-10.4.0.tgz. Extracting by manifest.
196 silly tarball no local data for mimic-function@https://registry.npmjs.org/mimic-function/-/mimic-function-5.0.1.tgz. Extracting by manifest.
197 silly tarball no local data for signal-exit@https://registry.npmjs.org/signal-exit/-/signal-exit-4.1.0.tgz. Extracting by manifest.
198 silly tarball no local data for onetime@https://registry.npmjs.org/onetime/-/onetime-7.0.0.tgz. Extracting by manifest.
199 silly tarball no local data for restore-cursor@https://registry.npmjs.org/restore-cursor/-/restore-cursor-5.1.0.tgz. Extracting by manifest.
200 silly tarball no local data for string-width@https://registry.npmjs.org/string-width/-/string-width-7.2.0.tgz. Extracting by manifest.
201 silly tarball no local data for stdin-discarder@https://registry.npmjs.org/stdin-discarder/-/stdin-discarder-0.2.2.tgz. Extracting by manifest.
202 silly tarball no local data for log-symbols@https://registry.npmjs.org/log-symbols/-/log-symbols-6.0.0.tgz. Extracting by manifest.
203 silly tarball no local data for is-unicode-supported@https://registry.npmjs.org/is-unicode-supported/-/is-unicode-supported-2.1.0.tgz. Extracting by manifest.
204 silly tarball no local data for is-interactive@https://registry.npmjs.org/is-interactive/-/is-interactive-2.0.0.tgz. Extracting by manifest.
205 silly tarball no local data for cli-spinners@https://registry.npmjs.org/cli-spinners/-/cli-spinners-2.9.2.tgz. Extracting by manifest.
206 silly tarball no local data for cli-cursor@https://registry.npmjs.org/cli-cursor/-/cli-cursor-5.0.0.tgz. Extracting by manifest.
207 silly tarball no local data for strip-ansi@https://registry.npmjs.org/strip-ansi/-/strip-ansi-6.0.1.tgz. Extracting by manifest.
208 silly tarball no local data for ansi-colors@https://registry.npmjs.org/ansi-colors/-/ansi-colors-4.1.3.tgz. Extracting by manifest.
209 silly tarball no local data for tcp-port-used@https://registry.npmjs.org/tcp-port-used/-/tcp-port-used-1.0.2.tgz. Extracting by manifest.
210 silly tarball no local data for ora@https://registry.npmjs.org/ora/-/ora-8.2.0.tgz. Extracting by manifest.
211 silly tarball no local data for enquirer@https://registry.npmjs.org/enquirer/-/enquirer-2.4.1.tgz. Extracting by manifest.
212 silly tarball no local data for commander@https://registry.npmjs.org/commander/-/commander-11.1.0.tgz. Extracting by manifest.
213 silly tarball no local data for command-exists@https://registry.npmjs.org/command-exists/-/command-exists-1.2.9.tgz. Extracting by manifest.
214 silly tarball no local data for chalk@https://registry.npmjs.org/chalk/-/chalk-5.4.1.tgz. Extracting by manifest.
215 silly tarball no local data for @iarna/toml@https://registry.npmjs.org/@iarna/toml/-/toml-2.2.5.tgz. Extracting by manifest.
216 silly tarball no local data for blowfish-tools@https://registry.npmjs.org/blowfish-tools/-/blowfish-tools-1.10.0.tgz. Extracting by manifest.
217 silly tarball no local data for ansi-regex@https://registry.npmjs.org/ansi-regex/-/ansi-regex-6.1.0.tgz. Extracting by manifest.
218 silly tarball no local data for strip-ansi@https://registry.npmjs.org/strip-ansi/-/strip-ansi-7.1.0.tgz. Extracting by manifest.
219 silly tarball no local data for is-unicode-supported@https://registry.npmjs.org/is-unicode-supported/-/is-unicode-supported-1.3.0.tgz. Extracting by manifest.
220 silly tarball no local data for ansi-regex@https://registry.npmjs.org/ansi-regex/-/ansi-regex-6.1.0.tgz. Extracting by manifest.
221 silly tarball no local data for strip-ansi@https://registry.npmjs.org/strip-ansi/-/strip-ansi-7.1.0.tgz. Extracting by manifest.
222 http fetch POST 200 https://registry.npmjs.org/-/npm/v1/security/advisories/bulk 360ms
223 silly audit report {}
224 http fetch GET 200 https://registry.npmjs.org/is-url/-/is-url-1.2.4.tgz 897ms (cache miss)
225 http fetch GET 200 https://registry.npmjs.org/log-symbols/-/log-symbols-6.0.0.tgz 817ms (cache miss)
226 http fetch GET 200 https://registry.npmjs.org/stdin-discarder/-/stdin-discarder-0.2.2.tgz 819ms (cache miss)
227 http fetch GET 200 https://registry.npmjs.org/is-unicode-supported/-/is-unicode-supported-2.1.0.tgz 831ms (cache miss)
228 http fetch GET 200 https://registry.npmjs.org/is-interactive/-/is-interactive-2.0.0.tgz 830ms (cache miss)
229 http fetch GET 200 https://registry.npmjs.org/cli-spinners/-/cli-spinners-2.9.2.tgz 829ms (cache miss)
230 http fetch GET 200 https://registry.npmjs.org/ansi-regex/-/ansi-regex-5.0.1.tgz 901ms (cache miss)
231 http fetch GET 200 https://registry.npmjs.org/cli-cursor/-/cli-cursor-5.0.0.tgz 886ms (cache miss)
232 http fetch GET 200 https://registry.npmjs.org/ms/-/ms-2.1.2.tgz 964ms (cache miss)
233 http fetch GET 200 https://registry.npmjs.org/ip-regex/-/ip-regex-4.3.0.tgz 967ms (cache miss)
234 http fetch GET 200 https://registry.npmjs.org/deep-is/-/deep-is-0.1.4.tgz 969ms (cache miss)
235 http fetch GET 200 https://registry.npmjs.org/emoji-regex/-/emoji-regex-10.4.0.tgz 904ms (cache miss)
236 http fetch GET 200 https://registry.npmjs.org/strip-ansi/-/strip-ansi-6.0.1.tgz 887ms (cache miss)
237 http fetch GET 200 https://registry.npmjs.org/strip-ansi/-/strip-ansi-7.1.0.tgz 866ms (cache miss)
238 http fetch GET 200 https://registry.npmjs.org/get-east-asian-width/-/get-east-asian-width-1.3.0.tgz 960ms (cache miss)
239 http fetch GET 200 https://registry.npmjs.org/strip-ansi/-/strip-ansi-7.1.0.tgz 883ms (cache miss)
240 http fetch GET 200 https://registry.npmjs.org/mimic-function/-/mimic-function-5.0.1.tgz 927ms (cache miss)
241 http fetch GET 200 https://registry.npmjs.org/string-width/-/string-width-7.2.0.tgz 921ms (cache miss)
242 http fetch GET 200 https://registry.npmjs.org/onetime/-/onetime-7.0.0.tgz 925ms (cache miss)
243 http fetch GET 200 https://registry.npmjs.org/restore-cursor/-/restore-cursor-5.1.0.tgz 923ms (cache miss)
244 http fetch GET 200 https://registry.npmjs.org/ansi-regex/-/ansi-regex-6.1.0.tgz 894ms (cache miss)
245 http fetch GET 200 https://registry.npmjs.org/is-unicode-supported/-/is-unicode-supported-1.3.0.tgz 890ms (cache miss)
246 http fetch GET 200 https://registry.npmjs.org/command-exists/-/command-exists-1.2.9.tgz 989ms (cache miss)
247 http fetch GET 200 https://registry.npmjs.org/ansi-regex/-/ansi-regex-6.1.0.tgz 987ms (cache miss)
248 http fetch GET 200 https://registry.npmjs.org/tcp-port-used/-/tcp-port-used-1.0.2.tgz 1015ms (cache miss)
249 http fetch GET 200 https://registry.npmjs.org/ora/-/ora-8.2.0.tgz 1014ms (cache miss)
250 http fetch GET 200 https://registry.npmjs.org/ansi-colors/-/ansi-colors-4.1.3.tgz 1022ms (cache miss)
251 http fetch GET 200 https://registry.npmjs.org/debug/-/debug-4.3.1.tgz 1164ms (cache miss)
252 http fetch GET 200 https://registry.npmjs.org/is2/-/is2-2.0.9.tgz 1172ms (cache miss)
253 http fetch GET 200 https://registry.npmjs.org/chalk/-/chalk-5.4.1.tgz 1089ms (cache miss)
254 http fetch GET 200 https://registry.npmjs.org/signal-exit/-/signal-exit-4.1.0.tgz 1118ms (cache miss)
255 http fetch GET 200 https://registry.npmjs.org/@iarna/toml/-/toml-2.2.5.tgz 1090ms (cache miss)
256 http fetch GET 200 https://registry.npmjs.org/commander/-/commander-11.1.0.tgz 1105ms (cache miss)
257 http fetch GET 200 https://registry.npmjs.org/blowfish-tools/-/blowfish-tools-1.10.0.tgz 1175ms (cache miss)
258 http fetch GET 200 https://registry.npmjs.org/enquirer/-/enquirer-2.4.1.tgz 1188ms (cache miss)
